#
# There is insufficient memory for the Java Runtime Environment to continue.
# Native memory allocation (malloc) failed to allocate 32744 bytes for ChunkPool::allocate
# Possible reasons:
#   The system is out of physical RAM or swap space
#   In 32 bit mode, the process size limit was hit
# Possible solutions:
#   Reduce memory load on the system
#   Increase physical memory or swap space
#   Check if swap backing store is full
#   Use 64 bit Java on a 64 bit OS
#   Decrease Java heap size (-Xmx/-Xms)
#   Decrease number of Java threads
#   Decrease Java thread stack sizes (-Xss)
#   Set larger code cache with -XX:ReservedCodeCacheSize=
# This output file may be truncated or incomplete.
#
#  Out of Memory Error (allocation.cpp:273), pid=39536, tid=0x0000000000006664
#
# JRE version: Java(TM) SE Runtime Environment (8.0_144-b01) (build 1.8.0_144-b01)
# Java VM: Java HotSpot(TM) 64-Bit Server VM (25.144-b01 mixed mode windows-amd64 compressed oops)
# Failed to write core dump. Minidumps are not enabled by default on client versions of Windows
#

---------------  T H R E A D  ---------------

Current thread (0x0000000018e53800):  JavaThread "C2 CompilerThread1" daemon [_thread_in_native, id=26212, stack(0x0000000019540000,0x0000000019640000)]

Stack: [0x0000000019540000,0x0000000019640000]
[error occurred during error reporting (printing stack bounds), id 0xc0000005]

Native frames: (J=compiled Java code, j=interpreted, Vv=VM code, C=native code)


Current CompileTask:
C2:   5322  891       4       java.util.HashMap::put (13 bytes)


---------------  P R O C E S S  ---------------

Java Threads: ( => current thread )
  0x000000001922a800 JavaThread "mysql-cj-abandoned-connection-cleanup" daemon [_thread_blocked, id=18456, stack(0x000000001a140000,0x000000001a240000)]
  0x0000000018ede800 JavaThread "Service Thread" daemon [_thread_blocked, id=39040, stack(0x0000000019740000,0x0000000019840000)]
  0x0000000018e61800 JavaThread "C1 CompilerThread2" daemon [_thread_in_native, id=38736, stack(0x0000000019640000,0x0000000019740000)]
=>0x0000000018e53800 JavaThread "C2 CompilerThread1" daemon [_thread_in_native, id=26212, stack(0x0000000019540000,0x0000000019640000)]
  0x0000000017aae000 JavaThread "C2 CompilerThread0" daemon [_thread_in_native, id=40116, stack(0x0000000019440000,0x0000000019540000)]
  0x0000000017aab800 JavaThread "Attach Listener" daemon [_thread_blocked, id=14200, stack(0x0000000019340000,0x0000000019440000)]
  0x0000000017a60800 JavaThread "Signal Dispatcher" daemon [_thread_blocked, id=38352, stack(0x0000000019240000,0x0000000019340000)]
  0x0000000002e4d800 JavaThread "Finalizer" daemon [_thread_blocked, id=26040, stack(0x0000000018cb0000,0x0000000018db0000)]
  0x0000000002e42000 JavaThread "Reference Handler" daemon [_thread_blocked, id=34424, stack(0x0000000018bb0000,0x0000000018cb0000)]
  0x0000000002d52800 JavaThread "main" [_thread_in_native, id=9584, stack(0x00000000028a0000,0x00000000029a0000)]

Other Threads:
  0x0000000017a17000 VMThread [stack: 0x0000000018ab0000,0x0000000018bb0000] [id=32776]
  0x0000000018f17800 WatcherThread [stack: 0x0000000019840000,0x0000000019940000] [id=20988]

VM state:not at safepoint (normal execution)

VM Mutex/Monitor currently owned by a thread: None

Heap:
 PSYoungGen      total 38400K, used 22301K [0x00000000d5c00000, 0x00000000d8680000, 0x0000000100000000)
  eden space 33280K, 67% used [0x00000000d5c00000,0x00000000d71c7728,0x00000000d7c80000)
  from space 5120K, 0% used [0x00000000d8180000,0x00000000d8180000,0x00000000d8680000)
  to   space 5120K, 0% used [0x00000000d7c80000,0x00000000d7c80000,0x00000000d8180000)
 ParOldGen       total 87552K, used 0K [0x0000000081400000, 0x0000000086980000, 0x00000000d5c00000)
  object space 87552K, 0% used [0x0000000081400000,0x0000000081400000,0x0000000086980000)
 Metaspace       used 10410K, capacity 10682K, committed 10752K, reserved 1058816K
  class space    used 1159K, capacity 1249K, committed 1280K, reserved 1048576K

Card table byte_map: [0x00000000122a0000,0x00000000126a0000] byte_map_base: 0x0000000011e96000

Marking Bits: (ParMarkBitMap*) 0x00000000616bd850
 Begin Bits: [0x0000000012d50000, 0x0000000014d00000)
 End Bits:   [0x0000000014d00000, 0x0000000016cb0000)

Polling page: 0x0000000000be0000

CodeCache: size=245760Kb used=3203Kb max_used=3209Kb free=242557Kb
 bounds [0x0000000002ee0000, 0x0000000003210000, 0x0000000011ee0000]
 total_blobs=1275 nmethods=895 adapters=293
 compilation: enabled

Compilation events (10 events):
Event: 5.312 Thread 0x0000000018e61800 nmethod 892 0x0000000003202350 code [0x0000000003202500, 0x0000000003202a58]
Event: 5.312 Thread 0x0000000017aae000 nmethod 893 0x00000000031ff5d0 code [0x00000000031ff700, 0x00000000031ff778]
Event: 5.312 Thread 0x0000000017aae000  894       4       java.util.HashMap::newNode (13 bytes)
Event: 5.313 Thread 0x0000000018e61800  895       3       java.util.ArrayList$SubList$1::next (79 bytes)
Event: 5.313 Thread 0x0000000018e61800 nmethod 895 0x0000000003201a50 code [0x0000000003201c00, 0x00000000032020a8]
Event: 5.313 Thread 0x0000000018e61800  897       3       sun.security.util.AbstractAlgorithmConstraints::checkAlgorithm (138 bytes)
Event: 5.314 Thread 0x0000000017aae000 nmethod 894 0x00000000032016d0 code [0x0000000003201820, 0x0000000003201938]
Event: 5.314 Thread 0x0000000017aae000  899       4       java.util.HashMap$HashIterator::nextNode (100 bytes)
Event: 5.314 Thread 0x0000000018e61800 nmethod 897 0x00000000031ff7d0 code [0x00000000031ffa00, 0x0000000003200708]
Event: 5.314 Thread 0x0000000018e61800  902       3       java.util.regex.Pattern::split (290 bytes)

GC Heap History (0 events):
No events

Deoptimization events (6 events):
Event: 3.035 Thread 0x0000000002d52800 Uncommon trap: reason=unstable_if action=reinterpret pc=0x00000000030fdea4 method=sun.misc.MetaIndex.mayContain(Ljava/lang/String;)Z @ 38
Event: 3.095 Thread 0x0000000002d52800 Uncommon trap: reason=unstable_if action=reinterpret pc=0x00000000030e9740 method=sun.misc.MetaIndex.mayContain(Ljava/lang/String;)Z @ 38
Event: 3.220 Thread 0x0000000002d52800 Uncommon trap: reason=unstable_if action=reinterpret pc=0x0000000003198ff0 method=java.io.ByteArrayInputStream.read([BII)I @ 63
Event: 3.228 Thread 0x0000000002d52800 Uncommon trap: reason=unstable_if action=reinterpret pc=0x0000000003165410 method=java.io.ByteArrayInputStream.read()I @ 8
Event: 3.233 Thread 0x0000000002d52800 Uncommon trap: reason=class_check action=maybe_recompile pc=0x00000000031a80e4 method=java.util.regex.Pattern$BmpCharProperty.match(Ljava/util/regex/Matcher;ILjava/lang/CharSequence;)Z @ 31
Event: 3.233 Thread 0x0000000002d52800 Uncommon trap: reason=unstable_if action=reinterpret pc=0x00000000031a8080 method=java.util.regex.Pattern$BmpCharProperty.match(Ljava/util/regex/Matcher;ILjava/lang/CharSequence;)Z @ 5

Internal exceptions (8 events):
Event: 0.070 Thread 0x0000000002d52800 Exception <a 'java/lang/NoSuchMethodError': Method sun.misc.Unsafe.defineClass(Ljava/lang/String;[BII)Ljava/lang/Class; name or signature does not match> (0x00000000d5c07ca8) thrown at [C:\re\workspace\8-2-build-windows-amd64-cygwin\jdk8u144\9417\hotspot\
Event: 0.070 Thread 0x0000000002d52800 Exception <a 'java/lang/NoSuchMethodError': Method sun.misc.Unsafe.prefetchRead(Ljava/lang/Object;J)V name or signature does not match> (0x00000000d5c07f90) thrown at [C:\re\workspace\8-2-build-windows-amd64-cygwin\jdk8u144\9417\hotspot\src\share\vm\prims
Event: 0.295 Thread 0x0000000002d52800 Exception <a 'java/security/PrivilegedActionException'> (0x00000000d5d00f80) thrown at [C:\re\workspace\8-2-build-windows-amd64-cygwin\jdk8u144\9417\hotspot\src\share\vm\prims\jvm.cpp, line 1390]
Event: 0.295 Thread 0x0000000002d52800 Exception <a 'java/security/PrivilegedActionException'> (0x00000000d5d01378) thrown at [C:\re\workspace\8-2-build-windows-amd64-cygwin\jdk8u144\9417\hotspot\src\share\vm\prims\jvm.cpp, line 1390]
Event: 0.297 Thread 0x0000000002d52800 Exception <a 'java/security/PrivilegedActionException'> (0x00000000d5d05470) thrown at [C:\re\workspace\8-2-build-windows-amd64-cygwin\jdk8u144\9417\hotspot\src\share\vm\prims\jvm.cpp, line 1390]
Event: 0.297 Thread 0x0000000002d52800 Exception <a 'java/security/PrivilegedActionException'> (0x00000000d5d05868) thrown at [C:\re\workspace\8-2-build-windows-amd64-cygwin\jdk8u144\9417\hotspot\src\share\vm\prims\jvm.cpp, line 1390]
Event: 2.532 Thread 0x0000000002d52800 Exception <a 'java/lang/NoSuchFieldError': method resolution failed> (0x00000000d5f10580) thrown at [C:\re\workspace\8-2-build-windows-amd64-cygwin\jdk8u144\9417\hotspot\src\share\vm\prims\methodHandles.cpp, line 1146]
Event: 2.534 Thread 0x0000000002d52800 Exception <a 'java/lang/NoSuchFieldError': method resolution failed> (0x00000000d5f1d950) thrown at [C:\re\workspace\8-2-build-windows-amd64-cygwin\jdk8u144\9417\hotspot\src\share\vm\prims\methodHandles.cpp, line 1146]

Events (10 events):
Event: 5.306 loading class java/security/spec/ECGenParameterSpec
Event: 5.306 loading class java/security/spec/ECGenParameterSpec done
Event: 5.306 loading class java/security/KeyPairGenerator$Delegate
Event: 5.306 loading class java/security/KeyPairGenerator$Delegate done
Event: 5.306 loading class sun/security/ssl/SSLAlgorithmDecomposer$1
Event: 5.307 loading class sun/security/ssl/SSLAlgorithmDecomposer$1 done
Event: 5.313 loading class sun/security/ssl/CipherSuiteList
Event: 5.313 loading class sun/security/ssl/CipherSuiteList done
Event: 5.316 loading class sun/security/ssl/SSLContextImpl$CustomizedSSLProtocols
Event: 5.316 loading class sun/security/ssl/SSLContextImpl$CustomizedSSLProtocols done


Dynamic libraries:
0x00007ff637280000 - 0x00007ff6372b7000 	C:\Program Files\Java\jdk1.8.0_144\bin\javaw.exe
0x00007ffde36a0000 - 0x00007ffde3890000 	C:\WINDOWS\SYSTEM32\ntdll.dll
0x00007ffde35a0000 - 0x00007ffde3652000 	C:\WINDOWS\System32\KERNEL32.DLL
0x00007ffde06e0000 - 0x00007ffde0983000 	C:\WINDOWS\System32\KERNELBASE.dll
0x00007ffde31b0000 - 0x00007ffde3253000 	C:\WINDOWS\System32\ADVAPI32.dll
0x00007ffde3110000 - 0x00007ffde31ae000 	C:\WINDOWS\System32\msvcrt.dll
0x00007ffde1b20000 - 0x00007ffde1bb7000 	C:\WINDOWS\System32\sechost.dll
0x00007ffde2e50000 - 0x00007ffde2f70000 	C:\WINDOWS\System32\RPCRT4.dll
0x00007ffde1790000 - 0x00007ffde1924000 	C:\WINDOWS\System32\USER32.dll
0x00007ffde06b0000 - 0x00007ffde06d1000 	C:\WINDOWS\System32\win32u.dll
0x00007ffde1760000 - 0x00007ffde1786000 	C:\WINDOWS\System32\GDI32.dll
0x00007ffde0c60000 - 0x00007ffde0df4000 	C:\WINDOWS\System32\gdi32full.dll
0x00007ffde0e00000 - 0x00007ffde0e9e000 	C:\WINDOWS\System32\msvcp_win.dll
0x00007ffde0990000 - 0x00007ffde0a8a000 	C:\WINDOWS\System32\ucrtbase.dll
0x00007ffdcb330000 - 0x00007ffdcb5b5000 	C:\WINDOWS\WinSxS\amd64_microsoft.windows.common-controls_6595b64144ccf1df_6.0.18362.476_none_e6c4b11b130f2595\COMCTL32.dll
0x00007ffde3260000 - 0x00007ffde3596000 	C:\WINDOWS\System32\combase.dll
0x00007ffde0630000 - 0x00007ffde06b0000 	C:\WINDOWS\System32\bcryptPrimitives.dll
0x00007ffde1af0000 - 0x00007ffde1b1e000 	C:\WINDOWS\System32\IMM32.DLL
0x0000000060170000 - 0x0000000060242000 	C:\Program Files\Java\jdk1.8.0_144\jre\bin\msvcr100.dll
0x0000000060ea0000 - 0x000000006173d000 	C:\Program Files\Java\jdk1.8.0_144\jre\bin\server\jvm.dll
0x00007ffde1750000 - 0x00007ffde1758000 	C:\WINDOWS\System32\PSAPI.DLL
0x00007ffdd48f0000 - 0x00007ffdd48f9000 	C:\WINDOWS\SYSTEM32\WSOCK32.dll
0x00007ffde1a00000 - 0x00007ffde1a6f000 	C:\WINDOWS\System32\WS2_32.dll
0x00007ffddc640000 - 0x00007ffddc64a000 	C:\WINDOWS\SYSTEM32\VERSION.dll
0x00007ffdd7de0000 - 0x00007ffdd7e04000 	C:\WINDOWS\SYSTEM32\WINMM.dll
0x00007ffdd7ba0000 - 0x00007ffdd7bcd000 	C:\WINDOWS\SYSTEM32\WINMMBASE.dll
0x00007ffde0ac0000 - 0x00007ffde0b0a000 	C:\WINDOWS\System32\cfgmgr32.dll
0x0000000063610000 - 0x000000006361f000 	C:\Program Files\Java\jdk1.8.0_144\jre\bin\verify.dll
0x00000000635e0000 - 0x0000000063609000 	C:\Program Files\Java\jdk1.8.0_144\jre\bin\java.dll
0x00000000635c0000 - 0x00000000635d6000 	C:\Program Files\Java\jdk1.8.0_144\jre\bin\zip.dll
0x00007ffde2760000 - 0x00007ffde2e45000 	C:\WINDOWS\System32\SHELL32.dll
0x00007ffde2f70000 - 0x00007ffde3019000 	C:\WINDOWS\System32\shcore.dll
0x00007ffde0f00000 - 0x00007ffde167e000 	C:\WINDOWS\System32\windows.storage.dll
0x00007ffde05a0000 - 0x00007ffde05bf000 	C:\WINDOWS\System32\profapi.dll
0x00007ffde05c0000 - 0x00007ffde060a000 	C:\WINDOWS\System32\powrprof.dll
0x00007ffde0570000 - 0x00007ffde0580000 	C:\WINDOWS\System32\UMPDC.dll
0x00007ffde1bc0000 - 0x00007ffde1c12000 	C:\WINDOWS\System32\shlwapi.dll
0x00007ffde0610000 - 0x00007ffde0621000 	C:\WINDOWS\System32\kernel.appcore.dll
0x00007ffde1680000 - 0x00007ffde1697000 	C:\WINDOWS\System32\cryptsp.dll
0x00000000635a0000 - 0x00000000635ba000 	C:\Program Files\Java\jdk1.8.0_144\jre\bin\net.dll
0x00007ffddfde0000 - 0x00007ffddfe47000 	C:\WINDOWS\system32\mswsock.dll
0x0000000063550000 - 0x0000000063574000 	C:\Program Files\Java\jdk1.8.0_144\jre\bin\sunec.dll
0x00007ffddfaf0000 - 0x00007ffddfb2a000 	C:\WINDOWS\SYSTEM32\IPHLPAPI.DLL
0x00007ffde30a0000 - 0x00007ffde30a8000 	C:\WINDOWS\System32\NSI.dll
0x00007ffdda1a0000 - 0x00007ffdda1b6000 	C:\WINDOWS\SYSTEM32\dhcpcsvc6.DLL
0x00007ffdd9f30000 - 0x00007ffdd9f4c000 	C:\WINDOWS\SYSTEM32\dhcpcsvc.DLL
0x00007ffddfb30000 - 0x00007ffddfbfa000 	C:\WINDOWS\SYSTEM32\DNSAPI.dll
0x0000000063580000 - 0x0000000063591000 	C:\Program Files\Java\jdk1.8.0_144\jre\bin\nio.dll
0x00007ffddf950000 - 0x00007ffddf983000 	C:\WINDOWS\system32\rsaenh.dll
0x00007ffde0a90000 - 0x00007ffde0ab6000 	C:\WINDOWS\System32\bcrypt.dll

VM Arguments:
jvm_args: -Dfile.encoding=MS949 
java_command: menu.Menu
java_class_path (initial): C:\Program Files\Java\jdk1.8.0_144\jre\lib\resources.jar;C:\Program Files\Java\jdk1.8.0_144\jre\lib\rt.jar;C:\Program Files\Java\jdk1.8.0_144\jre\lib\jsse.jar;C:\Program Files\Java\jdk1.8.0_144\jre\lib\jce.jar;C:\Program Files\Java\jdk1.8.0_144\jre\lib\charsets.jar;C:\Program Files\Java\jdk1.8.0_144\jre\lib\jfr.jar;C:\Program Files\Java\jdk1.8.0_144\jre\lib\ext\access-bridge-64.jar;C:\Program Files\Java\jdk1.8.0_144\jre\lib\ext\cldrdata.jar;C:\Program Files\Java\jdk1.8.0_144\jre\lib\ext\dnsns.jar;C:\Program Files\Java\jdk1.8.0_144\jre\lib\ext\jaccess.jar;C:\Program Files\Java\jdk1.8.0_144\jre\lib\ext\jfxrt.jar;C:\Program Files\Java\jdk1.8.0_144\jre\lib\ext\localedata.jar;C:\Program Files\Java\jdk1.8.0_144\jre\lib\ext\nashorn.jar;C:\Program Files\Java\jdk1.8.0_144\jre\lib\ext\sunec.jar;C:\Program Files\Java\jdk1.8.0_144\jre\lib\ext\sunjce_provider.jar;C:\Program Files\Java\jdk1.8.0_144\jre\lib\ext\sunmscapi.jar;C:\Program Files\Java\jdk1.8.0_144\jre\lib\ext\sunpkcs11.jar;C:\Program Files\Java\jdk1.8.0_144\jre\lib\ext\zipfs.jar;C:\Users\박신형\Desktop\3학년2학기\DB\TermProject\SMW\SMW\bin;C:\Users\박신형\Desktop\수업자료\mysql-connector-java-8.0.18 (1).tar\mysql-connector-java-8.0.18\mysql-connector-java-8.0.18.jar
Launcher Type: SUN_STANDARD

Environment Variables:
JAVA_HOME=C:\Program Files\Java\jdk1.8.0_144
CLASSPATH=C:\Program Files\Java\jdk1.8.0_144\lib
PATH=C:/Program Files/Java/jdk1.8.0_144/bin/../jre/bin/server;C:/Program Files/Java/jdk1.8.0_144/bin/../jre/bin;C:/Program Files/Java/jdk1.8.0_144/bin/../jre/lib/amd64;C:\Program Files (x86)\NAT Service;"C:\Program Files\Java\jdk1.8.0_144\bin;";"C:\Program Files\Java\jdk-10.0.1\bin;C:\Program Files (x86)\Common Files\Oracle\Java\javapath;C:\ProgramData\Oracle\Java\javapath;C:\Program Files (x86)\Intel\iCLS Client\;C:\Program Files\Intel\iCLS Client\;C:\windows\system32;C:\windows;C:\windows\System32\Wbem;C:\windows\System32\WindowsPowerShell\v1.0\;C:\Program Files (x86)\NVIDIA Corporation\PhysX\Common;C:\WINDOWS\system32\config\systemprofile\.dnx\bin;C:\Program Files\Microsoft DNX\Dnvm\;C:\WINDOWS\system32;C:\WINDOWS;C:\WINDOWS\System32\Wbem;C:\WINDOWS\System32\WindowsPowerShell\v1.0\;C:\Program Files\Samsung\SamsungLink\AllShare Framework DMS\bin\;C:\Program Files (x86)\Intel\Intel(R) Management Engine Components\DAL;C:\Program Files\Intel\Intel(R) Management Engine Components\DAL;C:\Program Files (x86)\Intel\Intel(R) Management Engine Components\IPT;C:\Program Files\Intel\Intel(R) Management Engine Components\IPT;C:\Program Files\Java\jdk1.8.0_144\bin;C:\Program Files (x86)\GtkSharp\2.12\bin;D:\Gradle\gradle-4.3.1-all\bin\bin;C:\Gradle\gradle-4.3.1-all\bin;C:\Program Files\MySQL\MySQL Utilities 1.6\;C:\Program Files (x86)\Brackets\command;C:\WINDOWS\System32\OpenSSH\;C:\Program Files\Intel\WiFi\bin\;C:\Program Files\Common Files\Intel\WirelessCommon\;C:\Program Files (x86)\PuTTY\;D:\Git\cmd;C:\Users\박신형\AppData\Local\Programs\Python\Python36-32\Scripts\;C:\Users\박신형\AppData\Local\Programs\Python\Python36-32\;C:\Users\박신형\AppData\Local\Microsoft\WindowsApps;C:\Program Files\Intel\WiFi\bin\;C:\Program Files\Common Files\Intel\WirelessCommon\;C:\Users\박신형\AppData\Local\GitHubDesktop\bin;C:\Users\박신형\Desktop;
USERNAME=박신형
OS=Windows_NT
PROCESSOR_IDENTIFIER=Intel64 Family 6 Model 78 Stepping 3, GenuineIntel



---------------  S Y S T E M  ---------------

OS: Windows 10.0 , 64 bit Build 18362 (10.0.18362.329)

CPU:total 4 (initial active 4) (2 cores per cpu, 2 threads per core) family 6 model 78 stepping 3, cmov, cx8, fxsr, mmx, sse, sse2, sse3, ssse3, sse4.1, sse4.2, popcnt, avx, avx2, aes, clmul, erms, 3dnowpref, lzcnt, ht, tsc, tscinvbit, bmi1, bmi2, adx

Memory: 4k page, physical 8304532k(823500k free), swap 23657944k(3540k free)

vm_info: Java HotSpot(TM) 64-Bit Server VM (25.144-b01) for windows-amd64 JRE (1.8.0_144-b01), built on Jul 21 2017 21:57:33 by "java_re" with MS VC++ 10.0 (VS2010)

time: Thu Nov 28 17:55:21 2019
elapsed time: 5 seconds (0d 0h 0m 5s)

